
> backend@0.0.0 start /home/ubuntu/oneto100/hardcarry2_team3/backend
> nodemon ./bin/www

[33m[nodemon] 2.0.15[39m
[33m[nodemon] to restart at any time, enter `rs`[39m
[33m[nodemon] watching path(s): *.*[39m
[33m[nodemon] watching extensions: js,mjs,json[39m
[32m[nodemon] starting `node ./bin/www`[39m
events.js:174
      throw er; // Unhandled 'error' event
      ^

Error: EBADF: bad file descriptor, read
Emitted 'error' event at:
    at lazyFs.read (internal/fs/streams.js:165:12)
    at FSReqWrap.wrapper [as oncomplete] (fs.js:467:17)
npm ERR! code ELIFECYCLE
npm ERR! errno 1
npm ERR! backend@0.0.0 start: `nodemon ./bin/www`
npm ERR! Exit status 1
npm ERR! 
npm ERR! Failed at the backend@0.0.0 start script.
npm ERR! This is probably not a problem with npm. There is likely additional logging output above.

npm ERR! A complete log of this run can be found in:
npm ERR!     /home/ubuntu/.npm/_logs/2022-04-20T01_06_50_322Z-debug.log

> backend@0.0.0 start /home/ubuntu/oneto100/hardcarry2_team3/backend
> nodemon ./bin/www

[33m[nodemon] 2.0.15[39m
[33m[nodemon] to restart at any time, enter `rs`[39m
[33m[nodemon] watching path(s): *.*[39m
[33m[nodemon] watching extensions: js,mjs,json[39m
[32m[nodemon] starting `node ./bin/www`[39m
events.js:174
      throw er; // Unhandled 'error' event
      ^

Error: EBADF: bad file descriptor, read
Emitted 'error' event at:
    at lazyFs.read (internal/fs/streams.js:165:12)
    at FSReqWrap.wrapper [as oncomplete] (fs.js:467:17)
npm ERR! code ELIFECYCLE
npm ERR! errno 1
npm ERR! backend@0.0.0 start: `nodemon ./bin/www`
npm ERR! Exit status 1
npm ERR! 
npm ERR! Failed at the backend@0.0.0 start script.
npm ERR! This is probably not a problem with npm. There is likely additional logging output above.

npm ERR! A complete log of this run can be found in:
npm ERR!     /home/ubuntu/.npm/_logs/2022-04-20T01_07_41_289Z-debug.log
5000
Executing (default): DROP TABLE IF EXISTS `back_item_vote`;
Executing (default): DROP TABLE IF EXISTS `back_diary_like`;
Executing (default): DROP TABLE IF EXISTS `back_diary_check`;
Executing (default): DROP TABLE IF EXISTS `back_balance_count`;
Executing (default): DROP TABLE IF EXISTS `back_balance_like`;
Executing (default): DROP TABLE IF EXISTS `back_test`;
Executing (default): DROP TABLE IF EXISTS `back_balance`;
Executing (default): DROP TABLE IF EXISTS `back_item`;
Executing (default): DROP TABLE IF EXISTS `back_diary`;
Executing (default): DROP TABLE IF EXISTS `back_diary`;
Executing (default): CREATE TABLE IF NOT EXISTS `back_diary` (`diary_id` INTEGER UNSIGNED NOT NULL auto_increment , `diary_writter` VARCHAR(20) NOT NULL, `diary_content` VARCHAR(500) NOT NULL, `diary_like` INTEGER NOT NULL DEFAULT 0, `diary_date` DATETIME NOT NULL, `diary_ip` VARCHAR(20) NOT NULL, `diary_browser` VARCHAR(20) NOT NULL, PRIMARY KEY (`diary_id`)) ENGINE=InnoDB;
Executing (default): SHOW INDEX FROM `back_diary` FROM `oneto100`
Executing (default): DROP TABLE IF EXISTS `back_item`;
Executing (default): CREATE TABLE IF NOT EXISTS `back_item` (`item_id` VARCHAR(20) NOT NULL , `item_name` VARCHAR(50) NOT NULL, `item_desc` VARCHAR(200) NOT NULL, `item_img` VARCHAR(50) NOT NULL, `item_voted` INTEGER NOT NULL DEFAULT 0, PRIMARY KEY (`item_id`)) ENGINE=InnoDB;
Executing (default): SHOW INDEX FROM `back_item` FROM `oneto100`
Executing (default): DROP TABLE IF EXISTS `back_balance`;
Executing (default): CREATE TABLE IF NOT EXISTS `back_balance` (`balance_id` INTEGER UNSIGNED NOT NULL auto_increment , `balance_name` VARCHAR(20) NOT NULL, `balance_content` VARCHAR(200) NOT NULL, `balance_date` DATETIME NOT NULL, `balance_like` INTEGER NOT NULL DEFAULT 0, `balance_type` VARCHAR(2) NOT NULL, `balance_ip` VARCHAR(20) NOT NULL, `balance_browser` VARCHAR(20) NOT NULL, PRIMARY KEY (`balance_id`)) ENGINE=InnoDB;
Executing (default): SHOW INDEX FROM `back_balance` FROM `oneto100`
Executing (default): DROP TABLE IF EXISTS `back_test`;
Executing (default): CREATE TABLE IF NOT EXISTS `back_test` (`type_id` VARCHAR(20) NOT NULL , `type_name` VARCHAR(50) NOT NULL, `type_from` VARCHAR(50) NOT NULL, `type_desc` VARCHAR(500) NOT NULL, `type_program` VARCHAR(500) NOT NULL, `type_img` VARCHAR(5000) NOT NULL, `type_program_img` VARCHAR(5000) NOT NULL, `type_like` VARCHAR(20) NOT NULL, `type_like_sub` VARCHAR(100) NOT NULL, `type_dislike` VARCHAR(20) NOT NULL, `type_dislike_sub` VARCHAR(100) NOT NULL, `type_attend` INTEGER NOT NULL DEFAULT 0, PRIMARY KEY (`type_id`)) ENGINE=InnoDB;
Executing (default): SHOW INDEX FROM `back_test` FROM `oneto100`
Executing (default): DROP TABLE IF EXISTS `back_balance_like`;
Executing (default): CREATE TABLE IF NOT EXISTS `back_balance_like` (`blike_id` INTEGER UNSIGNED NOT NULL auto_increment , `balance_id` INTEGER UNSIGNED NOT NULL, `blike_name` VARCHAR(20), `blike_ip` VARCHAR(20) NOT NULL, `blike_date` DATETIME NOT NULL, `blike_browser` VARCHAR(20) NOT NULL, `blike_use` VARCHAR(2) NOT NULL, PRIMARY KEY (`blike_id`), FOREIGN KEY (`balance_id`) REFERENCES `back_balance` (`balance_id`)) ENGINE=InnoDB;
Executing (default): SHOW INDEX FROM `back_balance_like` FROM `oneto100`
Executing (default): DROP TABLE IF EXISTS `back_balance_count`;
Executing (default): CREATE TABLE IF NOT EXISTS `back_balance_count` (`balance_type` VARCHAR(2) NOT NULL , `balance_selected` INTEGER UNSIGNED NOT NULL DEFAULT 0, PRIMARY KEY (`balance_type`)) ENGINE=InnoDB;
Executing (default): SHOW INDEX FROM `back_balance_count` FROM `oneto100`
Executing (default): DROP TABLE IF EXISTS `back_diary_check`;
Executing (default): CREATE TABLE IF NOT EXISTS `back_diary_check` (`diary_id` INTEGER UNSIGNED NOT NULL, `check_diary` INTEGER UNSIGNED NOT NULL auto_increment , `diary_checked` VARCHAR(2) NOT NULL, `diary_name` VARCHAR(10), `diary_phone` VARCHAR(20), PRIMARY KEY (`check_diary`), FOREIGN KEY (`diary_id`) REFERENCES `back_diary` (`diary_id`)) ENGINE=InnoDB;
Executing (default): SHOW INDEX FROM `back_diary_check` FROM `oneto100`
Executing (default): DROP TABLE IF EXISTS `back_diary_like`;
Executing (default): CREATE TABLE IF NOT EXISTS `back_diary_like` (`dlike_id` INTEGER UNSIGNED NOT NULL auto_increment , `diary_id` INTEGER UNSIGNED NOT NULL, `dlike_name` VARCHAR(20), `dlike_ip` VARCHAR(20) NOT NULL, `dlike_date` DATETIME, `dlike_browser` VARCHAR(20) NOT NULL, `dlike_use` VARCHAR(2) NOT NULL, PRIMARY KEY (`dlike_id`), FOREIGN KEY (`diary_id`) REFERENCES `back_diary` (`diary_id`)) ENGINE=InnoDB;
Executing (default): SHOW INDEX FROM `back_diary_like` FROM `oneto100`
Executing (default): DROP TABLE IF EXISTS `back_item_vote`;
Executing (default): CREATE TABLE IF NOT EXISTS `back_item_vote` (`bvote_id` INTEGER UNSIGNED NOT NULL auto_increment , `item_id` VARCHAR(20) NOT NULL, `bvote_name` VARCHAR(20), `bvote_ip` VARCHAR(20) NOT NULL, `bvote_date` DATETIME NOT NULL, `bvote_browser` VARCHAR(20) NOT NULL, PRIMARY KEY (`bvote_id`), FOREIGN KEY (`item_id`) REFERENCES `back_item` (`item_id`)) ENGINE=InnoDB;
Executing (default): SHOW INDEX FROM `back_item_vote` FROM `oneto100`
DB connected successful
[0mGET / [32m200 [0m6.299 ms - 1516[0m
[0mGET /static/css/main.694805b6.css [36m304 [0m1.538 ms - -[0m
[0mGET /static/js/main.26503307.js [36m304 [0m0.409 ms - -[0m
[0mGET /static/media/sidebarlogo.828f608a3aec33e4f8cf.png [36m304 [0m0.665 ms - -[0m
[0mGET /static/media/minidino1.eb4969b41eddb752d758.png [36m304 [0m8.818 ms - -[0m
[0mGET /static/media/minidino3.081c487499a85b8db978.png [36m304 [0m0.281 ms - -[0m
[0mGET /static/media/minidino2.50c6fc9e52c57ca42720.png [36m304 [0m0.538 ms - -[0m
[0mGET /static/media/minidino5.d6c5fe22e7ff35e6f32a.png [36m304 [0m0.641 ms - -[0m
[0mGET /static/media/minidino4.76156d52d40c1ce11e9a.png [36m304 [0m0.557 ms - -[0m
[0mGET /static/media/minidino6.449c32185eed17048f4f.png [36m304 [0m0.603 ms - -[0m
[0mGET /static/media/background.16ec51fbbd00562abc95.png [36m304 [0m0.244 ms - -[0m
[0mGET /favicon.ico [32m200 [0m0.606 ms - 3870[0m
[0mGET /favicon.ico [36m304 [0m0.354 ms - -[0m
[0mGET / [32m200 [0m0.516 ms - 1516[0m
[0mGET /static/js/main.26503307.js [32m200 [0m0.532 ms - 318719[0m
[0mGET /static/css/main.694805b6.css [32m200 [0m0.539 ms - 11458[0m
[0mGET /static/media/sidebarlogo.828f608a3aec33e4f8cf.png [32m200 [0m0.500 ms - 51852[0m
[0mGET /static/media/minidino1.eb4969b41eddb752d758.png [32m200 [0m0.386 ms - 67383[0m
[0mGET /static/media/minidino2.50c6fc9e52c57ca42720.png [32m200 [0m0.402 ms - 65537[0m
[0mGET /static/media/minidino3.081c487499a85b8db978.png [32m200 [0m0.633 ms - 72228[0m
[0mGET /static/media/minidino5.d6c5fe22e7ff35e6f32a.png [32m200 [0m2.529 ms - 81799[0m
[0mGET /static/media/minidino4.76156d52d40c1ce11e9a.png [32m200 [0m0.510 ms - 77195[0m
[0mGET /static/media/minidino6.449c32185eed17048f4f.png [32m200 [0m0.911 ms - 63734[0m
[0mGET /static/media/background.16ec51fbbd00562abc95.png [32m200 [0m0.980 ms - 183213[0m
5000
Executing (default): DROP TABLE IF EXISTS `back_item_vote`;
Executing (default): DROP TABLE IF EXISTS `back_diary_like`;
Executing (default): DROP TABLE IF EXISTS `back_diary_check`;
Executing (default): DROP TABLE IF EXISTS `back_balance_count`;
Executing (default): DROP TABLE IF EXISTS `back_balance_like`;
Executing (default): DROP TABLE IF EXISTS `back_test`;
Executing (default): DROP TABLE IF EXISTS `back_balance`;
Executing (default): DROP TABLE IF EXISTS `back_item`;
Executing (default): DROP TABLE IF EXISTS `back_diary`;
Executing (default): DROP TABLE IF EXISTS `back_diary`;
Executing (default): CREATE TABLE IF NOT EXISTS `back_diary` (`diary_id` INTEGER UNSIGNED NOT NULL auto_increment , `diary_writter` VARCHAR(20) NOT NULL, `diary_content` VARCHAR(500) NOT NULL, `diary_like` INTEGER NOT NULL DEFAULT 0, `diary_date` DATETIME NOT NULL, `diary_ip` VARCHAR(20) NOT NULL, `diary_browser` VARCHAR(20) NOT NULL, PRIMARY KEY (`diary_id`)) ENGINE=InnoDB;
Executing (default): SHOW INDEX FROM `back_diary` FROM `oneto100`
Executing (default): DROP TABLE IF EXISTS `back_item`;
Executing (default): CREATE TABLE IF NOT EXISTS `back_item` (`item_id` VARCHAR(20) NOT NULL , `item_name` VARCHAR(50) NOT NULL, `item_desc` VARCHAR(200) NOT NULL, `item_img` VARCHAR(50) NOT NULL, `item_voted` INTEGER NOT NULL DEFAULT 0, PRIMARY KEY (`item_id`)) ENGINE=InnoDB;
Executing (default): SHOW INDEX FROM `back_item` FROM `oneto100`
Executing (default): DROP TABLE IF EXISTS `back_balance`;
Executing (default): CREATE TABLE IF NOT EXISTS `back_balance` (`balance_id` INTEGER UNSIGNED NOT NULL auto_increment , `balance_name` VARCHAR(20) NOT NULL, `balance_content` VARCHAR(200) NOT NULL, `balance_date` DATETIME NOT NULL, `balance_like` INTEGER NOT NULL DEFAULT 0, `balance_type` VARCHAR(2) NOT NULL, `balance_ip` VARCHAR(20) NOT NULL, `balance_browser` VARCHAR(20) NOT NULL, PRIMARY KEY (`balance_id`)) ENGINE=InnoDB;
Executing (default): SHOW INDEX FROM `back_balance` FROM `oneto100`
Executing (default): DROP TABLE IF EXISTS `back_test`;
Executing (default): CREATE TABLE IF NOT EXISTS `back_test` (`type_id` VARCHAR(20) NOT NULL , `type_name` VARCHAR(50) NOT NULL, `type_from` VARCHAR(50) NOT NULL, `type_desc` VARCHAR(500) NOT NULL, `type_program` VARCHAR(500) NOT NULL, `type_img` VARCHAR(5000) NOT NULL, `type_program_img` VARCHAR(5000) NOT NULL, `type_like` VARCHAR(20) NOT NULL, `type_like_sub` VARCHAR(100) NOT NULL, `type_dislike` VARCHAR(20) NOT NULL, `type_dislike_sub` VARCHAR(100) NOT NULL, `type_attend` INTEGER NOT NULL DEFAULT 0, PRIMARY KEY (`type_id`)) ENGINE=InnoDB;
Executing (default): SHOW INDEX FROM `back_test` FROM `oneto100`
Executing (default): DROP TABLE IF EXISTS `back_balance_like`;
Executing (default): CREATE TABLE IF NOT EXISTS `back_balance_like` (`blike_id` INTEGER UNSIGNED NOT NULL auto_increment , `balance_id` INTEGER UNSIGNED NOT NULL, `blike_name` VARCHAR(20), `blike_ip` VARCHAR(20) NOT NULL, `blike_date` DATETIME NOT NULL, `blike_browser` VARCHAR(20) NOT NULL, `blike_use` VARCHAR(2) NOT NULL, PRIMARY KEY (`blike_id`), FOREIGN KEY (`balance_id`) REFERENCES `back_balance` (`balance_id`)) ENGINE=InnoDB;
Executing (default): SHOW INDEX FROM `back_balance_like` FROM `oneto100`
Executing (default): DROP TABLE IF EXISTS `back_balance_count`;
Executing (default): CREATE TABLE IF NOT EXISTS `back_balance_count` (`balance_type` VARCHAR(2) NOT NULL , `balance_selected` INTEGER UNSIGNED NOT NULL DEFAULT 0, PRIMARY KEY (`balance_type`)) ENGINE=InnoDB;
Executing (default): SHOW INDEX FROM `back_balance_count` FROM `oneto100`
Executing (default): DROP TABLE IF EXISTS `back_diary_check`;
Executing (default): CREATE TABLE IF NOT EXISTS `back_diary_check` (`diary_id` INTEGER UNSIGNED NOT NULL, `check_diary` INTEGER UNSIGNED NOT NULL auto_increment , `diary_checked` VARCHAR(2) NOT NULL, `diary_name` VARCHAR(10), `diary_phone` VARCHAR(20), PRIMARY KEY (`check_diary`), FOREIGN KEY (`diary_id`) REFERENCES `back_diary` (`diary_id`)) ENGINE=InnoDB;
Executing (default): SHOW INDEX FROM `back_diary_check` FROM `oneto100`
Executing (default): DROP TABLE IF EXISTS `back_diary_like`;
Executing (default): CREATE TABLE IF NOT EXISTS `back_diary_like` (`dlike_id` INTEGER UNSIGNED NOT NULL auto_increment , `diary_id` INTEGER UNSIGNED NOT NULL, `dlike_name` VARCHAR(20), `dlike_ip` VARCHAR(20) NOT NULL, `dlike_date` DATETIME, `dlike_browser` VARCHAR(20) NOT NULL, `dlike_use` VARCHAR(2) NOT NULL, PRIMARY KEY (`dlike_id`), FOREIGN KEY (`diary_id`) REFERENCES `back_diary` (`diary_id`)) ENGINE=InnoDB;
Executing (default): SHOW INDEX FROM `back_diary_like` FROM `oneto100`
Executing (default): DROP TABLE IF EXISTS `back_item_vote`;
Executing (default): CREATE TABLE IF NOT EXISTS `back_item_vote` (`bvote_id` INTEGER UNSIGNED NOT NULL auto_increment , `item_id` VARCHAR(20) NOT NULL, `bvote_name` VARCHAR(20), `bvote_ip` VARCHAR(20) NOT NULL, `bvote_date` DATETIME NOT NULL, `bvote_browser` VARCHAR(20) NOT NULL, PRIMARY KEY (`bvote_id`), FOREIGN KEY (`item_id`) REFERENCES `back_item` (`item_id`)) ENGINE=InnoDB;
Executing (default): SHOW INDEX FROM `back_item_vote` FROM `oneto100`
DB connected successful
5000
Executing (default): DROP TABLE IF EXISTS `back_item_vote`;
Executing (default): DROP TABLE IF EXISTS `back_diary_like`;
Executing (default): DROP TABLE IF EXISTS `back_diary_check`;
Executing (default): DROP TABLE IF EXISTS `back_balance_count`;
Executing (default): DROP TABLE IF EXISTS `back_balance_like`;
Executing (default): DROP TABLE IF EXISTS `back_test`;
Executing (default): DROP TABLE IF EXISTS `back_balance`;
Executing (default): DROP TABLE IF EXISTS `back_item`;
Executing (default): DROP TABLE IF EXISTS `back_diary`;
Executing (default): DROP TABLE IF EXISTS `back_diary`;
Executing (default): CREATE TABLE IF NOT EXISTS `back_diary` (`diary_id` INTEGER UNSIGNED NOT NULL auto_increment , `diary_writter` VARCHAR(20) NOT NULL, `diary_content` VARCHAR(500) NOT NULL, `diary_like` INTEGER NOT NULL DEFAULT 0, `diary_date` DATETIME NOT NULL, `diary_ip` VARCHAR(20) NOT NULL, `diary_browser` VARCHAR(20) NOT NULL, PRIMARY KEY (`diary_id`)) ENGINE=InnoDB;
Executing (default): SHOW INDEX FROM `back_diary` FROM `oneto100`
Executing (default): DROP TABLE IF EXISTS `back_item`;
Executing (default): CREATE TABLE IF NOT EXISTS `back_item` (`item_id` VARCHAR(20) NOT NULL , `item_name` VARCHAR(50) NOT NULL, `item_desc` VARCHAR(200) NOT NULL, `item_img` VARCHAR(50) NOT NULL, `item_voted` INTEGER NOT NULL DEFAULT 0, PRIMARY KEY (`item_id`)) ENGINE=InnoDB;
Executing (default): SHOW INDEX FROM `back_item` FROM `oneto100`
Executing (default): DROP TABLE IF EXISTS `back_balance`;
Executing (default): CREATE TABLE IF NOT EXISTS `back_balance` (`balance_id` INTEGER UNSIGNED NOT NULL auto_increment , `balance_name` VARCHAR(20) NOT NULL, `balance_content` VARCHAR(200) NOT NULL, `balance_date` DATETIME NOT NULL, `balance_like` INTEGER NOT NULL DEFAULT 0, `balance_type` VARCHAR(2) NOT NULL, `balance_ip` VARCHAR(20) NOT NULL, `balance_browser` VARCHAR(20) NOT NULL, PRIMARY KEY (`balance_id`)) ENGINE=InnoDB;
Executing (default): SHOW INDEX FROM `back_balance` FROM `oneto100`
Executing (default): DROP TABLE IF EXISTS `back_test`;
Executing (default): CREATE TABLE IF NOT EXISTS `back_test` (`type_id` VARCHAR(20) NOT NULL , `type_name` VARCHAR(50) NOT NULL, `type_from` VARCHAR(50) NOT NULL, `type_desc` VARCHAR(500) NOT NULL, `type_program` VARCHAR(500) NOT NULL, `type_img` VARCHAR(5000) NOT NULL, `type_program_img` VARCHAR(5000) NOT NULL, `type_like` VARCHAR(20) NOT NULL, `type_like_sub` VARCHAR(100) NOT NULL, `type_dislike` VARCHAR(20) NOT NULL, `type_dislike_sub` VARCHAR(100) NOT NULL, `type_attend` INTEGER NOT NULL DEFAULT 0, PRIMARY KEY (`type_id`)) ENGINE=InnoDB;
Executing (default): SHOW INDEX FROM `back_test` FROM `oneto100`
Executing (default): DROP TABLE IF EXISTS `back_balance_like`;
Executing (default): CREATE TABLE IF NOT EXISTS `back_balance_like` (`blike_id` INTEGER UNSIGNED NOT NULL auto_increment , `balance_id` INTEGER UNSIGNED NOT NULL, `blike_name` VARCHAR(20), `blike_ip` VARCHAR(20) NOT NULL, `blike_date` DATETIME NOT NULL, `blike_browser` VARCHAR(20) NOT NULL, `blike_use` VARCHAR(2) NOT NULL, PRIMARY KEY (`blike_id`), FOREIGN KEY (`balance_id`) REFERENCES `back_balance` (`balance_id`)) ENGINE=InnoDB;
Executing (default): SHOW INDEX FROM `back_balance_like` FROM `oneto100`
Executing (default): DROP TABLE IF EXISTS `back_balance_count`;
Executing (default): CREATE TABLE IF NOT EXISTS `back_balance_count` (`balance_type` VARCHAR(2) NOT NULL , `balance_selected` INTEGER UNSIGNED NOT NULL DEFAULT 0, PRIMARY KEY (`balance_type`)) ENGINE=InnoDB;
Executing (default): SHOW INDEX FROM `back_balance_count` FROM `oneto100`
Executing (default): DROP TABLE IF EXISTS `back_diary_check`;
Executing (default): CREATE TABLE IF NOT EXISTS `back_diary_check` (`diary_id` INTEGER UNSIGNED NOT NULL, `check_diary` INTEGER UNSIGNED NOT NULL auto_increment , `diary_checked` VARCHAR(2) NOT NULL, `diary_name` VARCHAR(10), `diary_phone` VARCHAR(20), PRIMARY KEY (`check_diary`), FOREIGN KEY (`diary_id`) REFERENCES `back_diary` (`diary_id`)) ENGINE=InnoDB;
Executing (default): SHOW INDEX FROM `back_diary_check` FROM `oneto100`
Executing (default): DROP TABLE IF EXISTS `back_diary_like`;
Executing (default): CREATE TABLE IF NOT EXISTS `back_diary_like` (`dlike_id` INTEGER UNSIGNED NOT NULL auto_increment , `diary_id` INTEGER UNSIGNED NOT NULL, `dlike_name` VARCHAR(20), `dlike_ip` VARCHAR(20) NOT NULL, `dlike_date` DATETIME, `dlike_browser` VARCHAR(20) NOT NULL, `dlike_use` VARCHAR(2) NOT NULL, PRIMARY KEY (`dlike_id`), FOREIGN KEY (`diary_id`) REFERENCES `back_diary` (`diary_id`)) ENGINE=InnoDB;
Executing (default): SHOW INDEX FROM `back_diary_like` FROM `oneto100`
Executing (default): DROP TABLE IF EXISTS `back_item_vote`;
Executing (default): CREATE TABLE IF NOT EXISTS `back_item_vote` (`bvote_id` INTEGER UNSIGNED NOT NULL auto_increment , `item_id` VARCHAR(20) NOT NULL, `bvote_name` VARCHAR(20), `bvote_ip` VARCHAR(20) NOT NULL, `bvote_date` DATETIME NOT NULL, `bvote_browser` VARCHAR(20) NOT NULL, PRIMARY KEY (`bvote_id`), FOREIGN KEY (`item_id`) REFERENCES `back_item` (`item_id`)) ENGINE=InnoDB;
Executing (default): SHOW INDEX FROM `back_item_vote` FROM `oneto100`
DB connected successful
[0mGET / [32m200 [0m6.712 ms - 1516[0m
[0mGET /static/css/main.694805b6.css [32m200 [0m1.800 ms - 11458[0m
[0mGET /static/js/main.26503307.js [32m200 [0m1.866 ms - 318719[0m
[0mGET /static/media/sidebarlogo.828f608a3aec33e4f8cf.png [32m200 [0m1.032 ms - 51852[0m
[0mGET /static/media/minidino1.eb4969b41eddb752d758.png [32m200 [0m2.531 ms - 67383[0m
[0mGET /static/media/minidino3.081c487499a85b8db978.png [32m200 [0m0.397 ms - 72228[0m
[0mGET /static/media/minidino4.76156d52d40c1ce11e9a.png [32m200 [0m1.240 ms - 77195[0m
[0mGET /static/media/minidino2.50c6fc9e52c57ca42720.png [32m200 [0m1.205 ms - 65537[0m
[0mGET /static/media/minidino5.d6c5fe22e7ff35e6f32a.png [32m200 [0m1.353 ms - 81799[0m
[0mGET /static/media/minidino6.449c32185eed17048f4f.png [32m200 [0m0.631 ms - 63734[0m
[0mGET /static/media/background.16ec51fbbd00562abc95.png [32m200 [0m0.808 ms - 183213[0m
[0mGET /favicon.ico [32m200 [0m0.479 ms - 3870[0m
[0mGET /favicon.ico [36m304 [0m1.164 ms - -[0m
[0mGET / [36m304 [0m0.544 ms - -[0m
[0mGET /static/js/main.26503307.js [36m304 [0m0.692 ms - -[0m
[0mGET /static/css/main.694805b6.css [36m304 [0m1.857 ms - -[0m
[0mGET /static/media/sidebarlogo.828f608a3aec33e4f8cf.png [36m304 [0m0.485 ms - -[0m
[0mGET /static/media/minidino1.eb4969b41eddb752d758.png [36m304 [0m0.247 ms - -[0m
[0mGET /static/media/minidino2.50c6fc9e52c57ca42720.png [36m304 [0m0.290 ms - -[0m
[0mGET /static/media/minidino5.d6c5fe22e7ff35e6f32a.png [36m304 [0m1.074 ms - -[0m
[0mGET /static/media/minidino4.76156d52d40c1ce11e9a.png [36m304 [0m1.911 ms - -[0m
[0mGET /static/media/minidino3.081c487499a85b8db978.png [36m304 [0m2.850 ms - -[0m
[0mGET /static/media/background.16ec51fbbd00562abc95.png [36m304 [0m3.762 ms - -[0m
[0mGET /static/media/minidino6.449c32185eed17048f4f.png [36m304 [0m1.537 ms - -[0m
[0mGET /favicon.ico [36m304 [0m0.333 ms - -[0m
[0mGET /favicon.ico [36m304 [0m0.350 ms - -[0m
[0mGET / [32m200 [0m0.483 ms - 1516[0m
[0mGET /static/css/main.694805b6.css [32m200 [0m0.381 ms - 11458[0m
[0mGET /static/js/main.26503307.js [32m200 [0m0.537 ms - 318719[0m
[0mGET /static/media/sidebarlogo.828f608a3aec33e4f8cf.png [32m200 [0m0.530 ms - 51852[0m
[0mGET /static/media/minidino1.eb4969b41eddb752d758.png [32m200 [0m0.647 ms - 67383[0m
[0mGET /static/media/minidino3.081c487499a85b8db978.png [32m200 [0m0.970 ms - 72228[0m
[0mGET /static/media/minidino2.50c6fc9e52c57ca42720.png [32m200 [0m0.854 ms - 65537[0m
[0mGET /static/media/minidino4.76156d52d40c1ce11e9a.png [32m200 [0m2.003 ms - 77195[0m
[0mGET /static/media/minidino6.449c32185eed17048f4f.png [32m200 [0m0.550 ms - 63734[0m
[0mGET /static/media/minidino5.d6c5fe22e7ff35e6f32a.png [32m200 [0m2.183 ms - 81799[0m
[0mGET /static/media/background.16ec51fbbd00562abc95.png [32m200 [0m0.506 ms - 183213[0m
[0mGET /favicon.ico [32m200 [0m0.503 ms - 3870[0m
[0mGET / [32m200 [0m0.461 ms - 1516[0m
[0mGET /static/css/main.694805b6.css [32m200 [0m0.526 ms - 11458[0m
[0mGET /static/js/main.26503307.js [32m200 [0m0.523 ms - 318719[0m
[0mGET /static/media/sidebarlogo.828f608a3aec33e4f8cf.png [32m200 [0m26.598 ms - 51852[0m
[0mGET /static/media/minidino1.eb4969b41eddb752d758.png [32m200 [0m26.775 ms - 67383[0m
[0mGET /static/media/minidino3.081c487499a85b8db978.png [32m200 [0m4.716 ms - 72228[0m
[0mGET /static/media/minidino5.d6c5fe22e7ff35e6f32a.png [32m200 [0m4.484 ms - 81799[0m
[0mGET /static/media/minidino2.50c6fc9e52c57ca42720.png [32m200 [0m4.377 ms - 65537[0m
[0mGET /static/media/minidino4.76156d52d40c1ce11e9a.png [32m200 [0m4.331 ms - 77195[0m
[0mGET /static/media/background.16ec51fbbd00562abc95.png [32m200 [0m0.375 ms - 183213[0m
[0mGET /static/media/minidino6.449c32185eed17048f4f.png [32m200 [0m0.467 ms - 63734[0m
[0mGET /favicon.ico [32m200 [0m0.496 ms - 3870[0m
[0mGET /story [33m404 [0m301.081 ms - 1233[0m
[0mGET /stylesheets/style.css [33m404 [0m14.656 ms - 1233[0m
[0mGET / [36m304 [0m0.607 ms - -[0m
[0mGET /static/js/main.26503307.js [36m304 [0m0.509 ms - -[0m
[0mGET /static/css/main.694805b6.css [36m304 [0m0.316 ms - -[0m
[0mGET /static/media/sidebarlogo.828f608a3aec33e4f8cf.png [36m304 [0m0.376 ms - -[0m
[0mGET /static/media/minidino1.eb4969b41eddb752d758.png [36m304 [0m0.295 ms - -[0m
[0mGET /static/media/minidino6.449c32185eed17048f4f.png [36m304 [0m0.267 ms - -[0m
[0mGET /static/media/minidino3.081c487499a85b8db978.png [36m304 [0m0.516 ms - -[0m
[0mGET /static/media/background.16ec51fbbd00562abc95.png [36m304 [0m2.473 ms - -[0m
[0mGET /static/media/minidino5.d6c5fe22e7ff35e6f32a.png [36m304 [0m0.754 ms - -[0m
[0mGET /static/media/minidino4.76156d52d40c1ce11e9a.png [36m304 [0m1.462 ms - -[0m
[0mGET /static/media/minidino2.50c6fc9e52c57ca42720.png [36m304 [0m0.289 ms - -[0m
[0mGET /favicon.ico [36m304 [0m0.352 ms - -[0m
[0mGET / [36m304 [0m0.329 ms - -[0m
[0mGET /static/js/main.26503307.js [36m304 [0m0.350 ms - -[0m
[0mGET /static/css/main.694805b6.css [36m304 [0m0.274 ms - -[0m
[0mGET /static/media/sidebarlogo.828f608a3aec33e4f8cf.png [36m304 [0m0.656 ms - -[0m
[0mGET /static/media/minidino1.eb4969b41eddb752d758.png [36m304 [0m3.724 ms - -[0m
[0mGET /static/media/minidino3.081c487499a85b8db978.png [36m304 [0m0.360 ms - -[0m
[0mGET /static/media/minidino2.50c6fc9e52c57ca42720.png [36m304 [0m0.547 ms - -[0m
[0mGET /static/media/minidino5.d6c5fe22e7ff35e6f32a.png [36m304 [0m0.548 ms - -[0m
[0mGET /static/media/minidino4.76156d52d40c1ce11e9a.png [36m304 [0m2.007 ms - -[0m
[0mGET /static/media/minidino6.449c32185eed17048f4f.png [36m304 [0m0.501 ms - -[0m
[0mGET /static/media/background.16ec51fbbd00562abc95.png [36m304 [0m0.255 ms - -[0m
[0mGET /favicon.ico [36m304 [0m0.355 ms - -[0m
5000
Executing (default): DROP TABLE IF EXISTS `back_item_vote`;
Executing (default): DROP TABLE IF EXISTS `back_diary_like`;
Executing (default): DROP TABLE IF EXISTS `back_diary_check`;
Executing (default): DROP TABLE IF EXISTS `back_balance_count`;
Executing (default): DROP TABLE IF EXISTS `back_balance_like`;
Executing (default): DROP TABLE IF EXISTS `back_test`;
Executing (default): DROP TABLE IF EXISTS `back_balance`;
Executing (default): DROP TABLE IF EXISTS `back_item`;
Executing (default): DROP TABLE IF EXISTS `back_diary`;
Executing (default): DROP TABLE IF EXISTS `back_diary`;
Executing (default): CREATE TABLE IF NOT EXISTS `back_diary` (`diary_id` INTEGER UNSIGNED NOT NULL auto_increment , `diary_writter` VARCHAR(20) NOT NULL, `diary_content` VARCHAR(500) NOT NULL, `diary_like` INTEGER NOT NULL DEFAULT 0, `diary_date` DATETIME NOT NULL, `diary_ip` VARCHAR(20) NOT NULL, `diary_browser` VARCHAR(20) NOT NULL, PRIMARY KEY (`diary_id`)) ENGINE=InnoDB;
Executing (default): SHOW INDEX FROM `back_diary` FROM `oneto100`
Executing (default): DROP TABLE IF EXISTS `back_item`;
Executing (default): CREATE TABLE IF NOT EXISTS `back_item` (`item_id` VARCHAR(20) NOT NULL , `item_name` VARCHAR(50) NOT NULL, `item_desc` VARCHAR(200) NOT NULL, `item_img` VARCHAR(50) NOT NULL, `item_voted` INTEGER NOT NULL DEFAULT 0, PRIMARY KEY (`item_id`)) ENGINE=InnoDB;
Executing (default): SHOW INDEX FROM `back_item` FROM `oneto100`
Executing (default): DROP TABLE IF EXISTS `back_balance`;
Executing (default): CREATE TABLE IF NOT EXISTS `back_balance` (`balance_id` INTEGER UNSIGNED NOT NULL auto_increment , `balance_name` VARCHAR(20) NOT NULL, `balance_content` VARCHAR(200) NOT NULL, `balance_date` DATETIME NOT NULL, `balance_like` INTEGER NOT NULL DEFAULT 0, `balance_type` VARCHAR(2) NOT NULL, `balance_ip` VARCHAR(20) NOT NULL, `balance_browser` VARCHAR(20) NOT NULL, PRIMARY KEY (`balance_id`)) ENGINE=InnoDB;
Executing (default): SHOW INDEX FROM `back_balance` FROM `oneto100`
Executing (default): DROP TABLE IF EXISTS `back_test`;
Executing (default): CREATE TABLE IF NOT EXISTS `back_test` (`type_id` VARCHAR(20) NOT NULL , `type_name` VARCHAR(50) NOT NULL, `type_from` VARCHAR(50) NOT NULL, `type_desc` VARCHAR(500) NOT NULL, `type_program` VARCHAR(500) NOT NULL, `type_img` VARCHAR(5000) NOT NULL, `type_program_img` VARCHAR(5000) NOT NULL, `type_like` VARCHAR(20) NOT NULL, `type_like_sub` VARCHAR(100) NOT NULL, `type_dislike` VARCHAR(20) NOT NULL, `type_dislike_sub` VARCHAR(100) NOT NULL, `type_attend` INTEGER NOT NULL DEFAULT 0, PRIMARY KEY (`type_id`)) ENGINE=InnoDB;
Executing (default): SHOW INDEX FROM `back_test` FROM `oneto100`
Executing (default): DROP TABLE IF EXISTS `back_balance_like`;
Executing (default): CREATE TABLE IF NOT EXISTS `back_balance_like` (`blike_id` INTEGER UNSIGNED NOT NULL auto_increment , `balance_id` INTEGER UNSIGNED NOT NULL, `blike_name` VARCHAR(20), `blike_ip` VARCHAR(20) NOT NULL, `blike_date` DATETIME NOT NULL, `blike_browser` VARCHAR(20) NOT NULL, `blike_use` VARCHAR(2) NOT NULL, PRIMARY KEY (`blike_id`), FOREIGN KEY (`balance_id`) REFERENCES `back_balance` (`balance_id`)) ENGINE=InnoDB;
Executing (default): SHOW INDEX FROM `back_balance_like` FROM `oneto100`
Executing (default): DROP TABLE IF EXISTS `back_balance_count`;
Executing (default): CREATE TABLE IF NOT EXISTS `back_balance_count` (`balance_type` VARCHAR(2) NOT NULL , `balance_selected` INTEGER UNSIGNED NOT NULL DEFAULT 0, PRIMARY KEY (`balance_type`)) ENGINE=InnoDB;
Executing (default): SHOW INDEX FROM `back_balance_count` FROM `oneto100`
Executing (default): DROP TABLE IF EXISTS `back_diary_check`;
Executing (default): CREATE TABLE IF NOT EXISTS `back_diary_check` (`diary_id` INTEGER UNSIGNED NOT NULL, `check_diary` INTEGER UNSIGNED NOT NULL auto_increment , `diary_checked` VARCHAR(2) NOT NULL, `diary_name` VARCHAR(10), `diary_phone` VARCHAR(20), PRIMARY KEY (`check_diary`), FOREIGN KEY (`diary_id`) REFERENCES `back_diary` (`diary_id`)) ENGINE=InnoDB;
Executing (default): SHOW INDEX FROM `back_diary_check` FROM `oneto100`
Executing (default): DROP TABLE IF EXISTS `back_diary_like`;
Executing (default): CREATE TABLE IF NOT EXISTS `back_diary_like` (`dlike_id` INTEGER UNSIGNED NOT NULL auto_increment , `diary_id` INTEGER UNSIGNED NOT NULL, `dlike_name` VARCHAR(20), `dlike_ip` VARCHAR(20) NOT NULL, `dlike_date` DATETIME, `dlike_browser` VARCHAR(20) NOT NULL, `dlike_use` VARCHAR(2) NOT NULL, PRIMARY KEY (`dlike_id`), FOREIGN KEY (`diary_id`) REFERENCES `back_diary` (`diary_id`)) ENGINE=InnoDB;
Executing (default): SHOW INDEX FROM `back_diary_like` FROM `oneto100`
Executing (default): DROP TABLE IF EXISTS `back_item_vote`;
Executing (default): CREATE TABLE IF NOT EXISTS `back_item_vote` (`bvote_id` INTEGER UNSIGNED NOT NULL auto_increment , `item_id` VARCHAR(20) NOT NULL, `bvote_name` VARCHAR(20), `bvote_ip` VARCHAR(20) NOT NULL, `bvote_date` DATETIME NOT NULL, `bvote_browser` VARCHAR(20) NOT NULL, PRIMARY KEY (`bvote_id`), FOREIGN KEY (`item_id`) REFERENCES `back_item` (`item_id`)) ENGINE=InnoDB;
Executing (default): SHOW INDEX FROM `back_item_vote` FROM `oneto100`
DB connected successful
[0mGET / [36m304 [0m5.212 ms - -[0m
[0mGET /static/js/main.26503307.js [36m304 [0m1.323 ms - -[0m
[0mGET /static/css/main.694805b6.css [36m304 [0m2.829 ms - -[0m
[0mGET /static/media/sidebarlogo.828f608a3aec33e4f8cf.png [36m304 [0m0.344 ms - -[0m
[0mGET /static/media/minidino1.eb4969b41eddb752d758.png [36m304 [0m0.246 ms - -[0m
[0mGET /static/media/minidino3.081c487499a85b8db978.png [36m304 [0m0.275 ms - -[0m
[0mGET /static/media/minidino2.50c6fc9e52c57ca42720.png [36m304 [0m0.663 ms - -[0m
[0mGET /static/media/minidino4.76156d52d40c1ce11e9a.png [36m304 [0m2.068 ms - -[0m
[0mGET /static/media/minidino5.d6c5fe22e7ff35e6f32a.png [36m304 [0m1.165 ms - -[0m
[0mGET /static/media/background.16ec51fbbd00562abc95.png [36m304 [0m0.663 ms - -[0m
[0mGET /static/media/minidino6.449c32185eed17048f4f.png [36m304 [0m0.625 ms - -[0m
[0mGET /favicon.ico [36m304 [0m2.039 ms - -[0m
[0mGET /favicon.ico [36m304 [0m0.395 ms - -[0m
[0mGET / [36m304 [0m0.518 ms - -[0m
[0mGET /static/js/main.26503307.js [36m304 [0m0.372 ms - -[0m
[0mGET /static/css/main.694805b6.css [36m304 [0m0.243 ms - -[0m
[0mGET /static/media/sidebarlogo.828f608a3aec33e4f8cf.png [36m304 [0m0.688 ms - -[0m
[0mGET /static/media/minidino1.eb4969b41eddb752d758.png [36m304 [0m2.233 ms - -[0m
[0mGET /static/media/minidino3.081c487499a85b8db978.png [36m304 [0m0.734 ms - -[0m
[0mGET /static/media/minidino5.d6c5fe22e7ff35e6f32a.png [36m304 [0m1.665 ms - -[0m
[0mGET /static/media/minidino2.50c6fc9e52c57ca42720.png [36m304 [0m2.079 ms - -[0m
[0mGET /static/media/minidino4.76156d52d40c1ce11e9a.png [36m304 [0m1.714 ms - -[0m
[0mGET /static/media/minidino6.449c32185eed17048f4f.png [36m304 [0m1.629 ms - -[0m
[0mGET /static/media/background.16ec51fbbd00562abc95.png [36m304 [0m1.915 ms - -[0m
[0mGET /favicon.ico [36m304 [0m0.331 ms - -[0m
[0mGET / [32m200 [0m2.504 ms - 1516[0m
[0mGET /static/css/main.694805b6.css [32m200 [0m0.690 ms - 11458[0m
[0mGET /static/js/main.26503307.js [32m200 [0m0.488 ms - 318719[0m
[0mGET / [32m200 [0m0.509 ms - 1516[0m
[0mGET /static/css/main.694805b6.css [32m200 [0m0.882 ms - 11458[0m
[0mGET /static/js/main.26503307.js [32m200 [0m1.015 ms - 318719[0m
[0mGET / [32m200 [0m0.522 ms - 1516[0m
[0mGET /static/css/main.694805b6.css [32m200 [0m0.967 ms - 11458[0m
[0mGET /static/js/main.26503307.js [32m200 [0m2.483 ms - 318719[0m
[0mGET / [32m200 [0m0.493 ms - 1516[0m
[0mGET /static/media/sidebarlogo.828f608a3aec33e4f8cf.png [32m200 [0m0.541 ms - 51852[0m
[0mGET /static/media/minidino1.eb4969b41eddb752d758.png [32m200 [0m0.364 ms - 67383[0m
[0mGET /static/media/minidino3.081c487499a85b8db978.png [32m200 [0m2.368 ms - 72228[0m
[0mGET /static/media/minidino6.449c32185eed17048f4f.png [32m200 [0m3.671 ms - 63734[0m
[0mGET /static/media/minidino4.76156d52d40c1ce11e9a.png [32m200 [0m3.658 ms - 77195[0m
[0mGET /static/media/minidino5.d6c5fe22e7ff35e6f32a.png [32m200 [0m3.688 ms - 81799[0m
[0mGET /static/media/minidino2.50c6fc9e52c57ca42720.png [32m200 [0m3.667 ms - 65537[0m
[0mGET /static/media/background.16ec51fbbd00562abc95.png [32m200 [0m0.512 ms - 183213[0m
[0mGET /static/css/main.694805b6.css [32m200 [0m0.907 ms - 11458[0m
[0mGET /static/js/main.26503307.js [32m200 [0m0.994 ms - 318719[0m
[0mGET /static/media/sidebarlogo.828f608a3aec33e4f8cf.png [32m200 [0m2.177 ms - 51852[0m
[0mGET /static/media/minidino5.d6c5fe22e7ff35e6f32a.png [32m200 [0m2.334 ms - 81799[0m
[0mGET /static/media/minidino2.50c6fc9e52c57ca42720.png [32m200 [0m2.270 ms - 65537[0m
[0mGET /static/media/minidino3.081c487499a85b8db978.png [32m200 [0m2.243 ms - 72228[0m
[0mGET /static/media/minidino1.eb4969b41eddb752d758.png [32m200 [0m4.309 ms - 67383[0m
[0mGET /static/media/minidino4.76156d52d40c1ce11e9a.png [32m200 [0m12.511 ms - 77195[0m
[0mGET /static/media/minidino6.449c32185eed17048f4f.png [32m200 [0m2.972 ms - 63734[0m
[0mGET /static/media/background.16ec51fbbd00562abc95.png [32m200 [0m8.944 ms - 183213[0m
[0mGET /favicon.ico [32m200 [0m0.549 ms - 3870[0m
[0mGET / [36m304 [0m0.337 ms - -[0m
[0mGET /static/js/main.26503307.js [36m304 [0m0.660 ms - -[0m
[0mGET /static/css/main.694805b6.css [36m304 [0m2.119 ms - -[0m
[0mGET /static/media/minidino3.081c487499a85b8db978.png [36m304 [0m3.469 ms - -[0m
[0mGET /static/media/minidino1.eb4969b41eddb752d758.png [36m304 [0m4.993 ms - -[0m
[0mGET /static/media/sidebarlogo.828f608a3aec33e4f8cf.png [36m304 [0m5.898 ms - -[0m
[0mGET /static/media/minidino5.d6c5fe22e7ff35e6f32a.png [36m304 [0m7.239 ms - -[0m
[0mGET /static/media/minidino4.76156d52d40c1ce11e9a.png [36m304 [0m0.507 ms - -[0m
[0mGET /static/media/minidino2.50c6fc9e52c57ca42720.png [36m304 [0m0.527 ms - -[0m
[0mGET /static/media/minidino6.449c32185eed17048f4f.png [36m304 [0m1.956 ms - -[0m
[0mGET /static/media/background.16ec51fbbd00562abc95.png [36m304 [0m0.320 ms - -[0m
[0mGET /favicon.ico [36m304 [0m0.329 ms - -[0m
[0mGET / [32m200 [0m0.912 ms - 1516[0m
[0mGET /static/css/main.694805b6.css [32m200 [0m1.064 ms - 11458[0m
[0mGET /static/js/main.26503307.js [32m200 [0m1.230 ms - 318719[0m
[0mGET /static/media/sidebarlogo.828f608a3aec33e4f8cf.png [32m200 [0m0.560 ms - 51852[0m
[0mGET /static/media/minidino1.eb4969b41eddb752d758.png [32m200 [0m0.379 ms - 67383[0m
[0mGET /static/media/minidino2.50c6fc9e52c57ca42720.png [32m200 [0m1.477 ms - 65537[0m
[0mGET /static/media/minidino3.081c487499a85b8db978.png [32m200 [0m1.069 ms - 72228[0m
[0mGET /static/media/minidino6.449c32185eed17048f4f.png [32m200 [0m0.574 ms - 63734[0m
[0mGET /static/media/minidino4.76156d52d40c1ce11e9a.png [32m200 [0m0.680 ms - 77195[0m
[0mGET /static/media/minidino5.d6c5fe22e7ff35e6f32a.png [32m200 [0m3.712 ms - 81799[0m
[0mGET /static/media/background.16ec51fbbd00562abc95.png [32m200 [0m0.504 ms - 183213[0m
[0mGET /favicon.ico [32m200 [0m0.564 ms - 3870[0m
[0mGET / [32m200 [0m0.476 ms - 1516[0m
[0mGET /static/css/main.694805b6.css [32m200 [0m0.530 ms - 11458[0m
[0mGET /static/js/main.26503307.js [32m200 [0m0.663 ms - 318719[0m
[0mGET / [32m200 [0m0.530 ms - 1516[0m
[0mGET /static/media/sidebarlogo.828f608a3aec33e4f8cf.png [32m200 [0m0.514 ms - 51852[0m
[0mGET /static/media/minidino1.eb4969b41eddb752d758.png [32m200 [0m0.524 ms - 67383[0m
[0mGET /static/media/minidino3.081c487499a85b8db978.png [32m200 [0m0.426 ms - 72228[0m
[0mGET /static/css/main.694805b6.css [32m200 [0m0.513 ms - 11458[0m
[0mGET /static/js/main.26503307.js [32m200 [0m0.369 ms - 318719[0m
[0mGET /static/media/sidebarlogo.828f608a3aec33e4f8cf.png [32m200 [0m0.805 ms - 51852[0m
[0mGET /static/media/minidino1.eb4969b41eddb752d758.png [32m200 [0m0.950 ms - 67383[0m
[0mGET /static/media/minidino3.081c487499a85b8db978.png [32m200 [0m0.509 ms - 72228[0m
[0mGET /static/media/minidino6.449c32185eed17048f4f.png [32m200 [0m1.297 ms - 63734[0m
[0mGET /static/media/minidino4.76156d52d40c1ce11e9a.png [32m200 [0m1.283 ms - 77195[0m
[0mGET /static/media/minidino5.d6c5fe22e7ff35e6f32a.png [32m200 [0m2.329 ms - 81799[0m
[0mGET /static/media/minidino2.50c6fc9e52c57ca42720.png [32m200 [0m0.390 ms - 65537[0m
[0mGET /static/media/background.16ec51fbbd00562abc95.png [32m200 [0m0.485 ms - 183213[0m
[0mGET /favicon.ico [32m200 [0m0.513 ms - 3870[0m
[0mGET /write [33m404 [0m282.312 ms - 1233[0m
[0mGET /stylesheets/style.css [33m404 [0m15.742 ms - 1233[0m
[0mGET / [32m200 [0m0.711 ms - 1516[0m
[0mGET /static/css/main.694805b6.css [32m200 [0m0.573 ms - 11458[0m
[0mGET /static/js/main.26503307.js [32m200 [0m0.535 ms - 318719[0m
[0mGET /static/media/sidebarlogo.828f608a3aec33e4f8cf.png [32m200 [0m0.519 ms - 51852[0m
[0mGET /static/media/minidino1.eb4969b41eddb752d758.png [32m200 [0m0.838 ms - 67383[0m
[0mGET /static/media/minidino5.d6c5fe22e7ff35e6f32a.png [32m200 [0m0.987 ms - 81799[0m
[0mGET /static/media/minidino6.449c32185eed17048f4f.png [32m200 [0m1.588 ms - 63734[0m
[0mGET /static/media/minidino3.081c487499a85b8db978.png [32m200 [0m1.629 ms - 72228[0m
[0mGET /static/media/minidino4.76156d52d40c1ce11e9a.png [32m200 [0m3.176 ms - 77195[0m
[0mGET /static/media/minidino2.50c6fc9e52c57ca42720.png [32m200 [0m3.205 ms - 65537[0m
[0mGET /static/media/background.16ec51fbbd00562abc95.png [32m200 [0m0.599 ms - 183213[0m
[0mGET /favicon.ico [32m200 [0m0.529 ms - 3870[0m
[0mGET /test [33m404 [0m9.524 ms - 1282[0m
[0mGET /stylesheets/style.css [33m404 [0m9.597 ms - 1233[0m
[0mGET /write [33m404 [0m21.650 ms - 1233[0m
[0mGET /stylesheets/style.css [33m404 [0m10.158 ms - 1233[0m
[0mGET / [36m304 [0m0.633 ms - -[0m
[0mGET /static/js/main.26503307.js [36m304 [0m0.526 ms - -[0m
[0mGET /static/css/main.694805b6.css [36m304 [0m0.299 ms - -[0m
[0mGET /static/media/sidebarlogo.828f608a3aec33e4f8cf.png [36m304 [0m0.329 ms - -[0m
[0mGET /static/media/minidino3.081c487499a85b8db978.png [36m304 [0m0.466 ms - -[0m
[0mGET /static/media/minidino5.d6c5fe22e7ff35e6f32a.png [36m304 [0m0.466 ms - -[0m
[0mGET /static/media/minidino1.eb4969b41eddb752d758.png [36m304 [0m0.225 ms - -[0m
[0mGET /static/media/minidino2.50c6fc9e52c57ca42720.png [36m304 [0m0.458 ms - -[0m
[0mGET /static/media/minidino4.76156d52d40c1ce11e9a.png [36m304 [0m0.471 ms - -[0m
[0mGET /static/media/minidino6.449c32185eed17048f4f.png [36m304 [0m0.212 ms - -[0m
[0mGET /static/media/background.16ec51fbbd00562abc95.png [36m304 [0m0.311 ms - -[0m
[0mGET /favicon.ico [36m304 [0m0.323 ms - -[0m
[0mGET / [32m200 [0m0.495 ms - 1516[0m
[0mGET /static/css/main.694805b6.css [32m200 [0m2.904 ms - 11458[0m
[0mGET /static/js/main.26503307.js [32m200 [0m0.356 ms - 318719[0m
[0mGET /static/media/sidebarlogo.828f608a3aec33e4f8cf.png [32m200 [0m0.513 ms - 51852[0m
[0mGET /static/media/minidino1.eb4969b41eddb752d758.png [32m200 [0m0.617 ms - 67383[0m
[0mGET /static/media/minidino3.081c487499a85b8db978.png [32m200 [0m0.372 ms - 72228[0m
[0mGET /static/media/minidino5.d6c5fe22e7ff35e6f32a.png [32m200 [0m0.470 ms - 81799[0m
[0mGET /static/media/minidino2.50c6fc9e52c57ca42720.png [32m200 [0m1.573 ms - 65537[0m
[0mGET /static/media/minidino4.76156d52d40c1ce11e9a.png [32m200 [0m1.385 ms - 77195[0m
[0mGET /static/media/minidino6.449c32185eed17048f4f.png [32m200 [0m3.020 ms - 63734[0m
[0mGET /static/media/background.16ec51fbbd00562abc95.png [32m200 [0m1.210 ms - 183213[0m
[0mGET /favicon.ico [32m200 [0m0.520 ms - 3870[0m
[0mGET /write [33m404 [0m14.468 ms - 1233[0m
[0mGET /stylesheets/style.css [33m404 [0m14.902 ms - 1233[0m
[0mGET /favicon.ico [36m304 [0m0.362 ms - -[0m
[0mGET /test [33m404 [0m12.406 ms - 1282[0m
[0mGET /stylesheets/style.css [33m404 [0m19.156 ms - 1233[0m
5000
Executing (default): DROP TABLE IF EXISTS `back_item_vote`;
Executing (default): DROP TABLE IF EXISTS `back_diary_like`;
Executing (default): DROP TABLE IF EXISTS `back_diary_check`;
Executing (default): DROP TABLE IF EXISTS `back_balance_count`;
Executing (default): DROP TABLE IF EXISTS `back_balance_like`;
Executing (default): DROP TABLE IF EXISTS `back_test`;
Executing (default): DROP TABLE IF EXISTS `back_balance`;
Executing (default): DROP TABLE IF EXISTS `back_item`;
Executing (default): DROP TABLE IF EXISTS `back_diary`;
Executing (default): DROP TABLE IF EXISTS `back_diary`;
Executing (default): CREATE TABLE IF NOT EXISTS `back_diary` (`diary_id` INTEGER UNSIGNED NOT NULL auto_increment , `diary_writter` VARCHAR(20) NOT NULL, `diary_content` VARCHAR(500) NOT NULL, `diary_like` INTEGER NOT NULL DEFAULT 0, `diary_date` DATETIME NOT NULL, `diary_ip` VARCHAR(20) NOT NULL, `diary_browser` VARCHAR(20) NOT NULL, PRIMARY KEY (`diary_id`)) ENGINE=InnoDB;
Executing (default): SHOW INDEX FROM `back_diary` FROM `oneto100`
Executing (default): DROP TABLE IF EXISTS `back_item`;
Executing (default): CREATE TABLE IF NOT EXISTS `back_item` (`item_id` VARCHAR(20) NOT NULL , `item_name` VARCHAR(50) NOT NULL, `item_desc` VARCHAR(200) NOT NULL, `item_img` VARCHAR(50) NOT NULL, `item_voted` INTEGER NOT NULL DEFAULT 0, PRIMARY KEY (`item_id`)) ENGINE=InnoDB;
Executing (default): SHOW INDEX FROM `back_item` FROM `oneto100`
Executing (default): DROP TABLE IF EXISTS `back_balance`;
Executing (default): CREATE TABLE IF NOT EXISTS `back_balance` (`balance_id` INTEGER UNSIGNED NOT NULL auto_increment , `balance_name` VARCHAR(20) NOT NULL, `balance_content` VARCHAR(200) NOT NULL, `balance_date` DATETIME NOT NULL, `balance_like` INTEGER NOT NULL DEFAULT 0, `balance_type` VARCHAR(2) NOT NULL, `balance_ip` VARCHAR(20) NOT NULL, `balance_browser` VARCHAR(20) NOT NULL, PRIMARY KEY (`balance_id`)) ENGINE=InnoDB;
Executing (default): SHOW INDEX FROM `back_balance` FROM `oneto100`
Executing (default): DROP TABLE IF EXISTS `back_test`;
Executing (default): CREATE TABLE IF NOT EXISTS `back_test` (`type_id` VARCHAR(20) NOT NULL , `type_name` VARCHAR(50) NOT NULL, `type_from` VARCHAR(50) NOT NULL, `type_desc` VARCHAR(500) NOT NULL, `type_program` VARCHAR(500) NOT NULL, `type_img` VARCHAR(5000) NOT NULL, `type_program_img` VARCHAR(5000) NOT NULL, `type_like` VARCHAR(20) NOT NULL, `type_like_sub` VARCHAR(100) NOT NULL, `type_dislike` VARCHAR(20) NOT NULL, `type_dislike_sub` VARCHAR(100) NOT NULL, `type_attend` INTEGER NOT NULL DEFAULT 0, PRIMARY KEY (`type_id`)) ENGINE=InnoDB;
Executing (default): SHOW INDEX FROM `back_test` FROM `oneto100`
Executing (default): DROP TABLE IF EXISTS `back_balance_like`;
Executing (default): CREATE TABLE IF NOT EXISTS `back_balance_like` (`blike_id` INTEGER UNSIGNED NOT NULL auto_increment , `balance_id` INTEGER UNSIGNED NOT NULL, `blike_name` VARCHAR(20), `blike_ip` VARCHAR(20) NOT NULL, `blike_date` DATETIME NOT NULL, `blike_browser` VARCHAR(20) NOT NULL, `blike_use` VARCHAR(2) NOT NULL, PRIMARY KEY (`blike_id`), FOREIGN KEY (`balance_id`) REFERENCES `back_balance` (`balance_id`)) ENGINE=InnoDB;
Executing (default): SHOW INDEX FROM `back_balance_like` FROM `oneto100`
Executing (default): DROP TABLE IF EXISTS `back_balance_count`;
Executing (default): CREATE TABLE IF NOT EXISTS `back_balance_count` (`balance_type` VARCHAR(2) NOT NULL , `balance_selected` INTEGER UNSIGNED NOT NULL DEFAULT 0, PRIMARY KEY (`balance_type`)) ENGINE=InnoDB;
Executing (default): SHOW INDEX FROM `back_balance_count` FROM `oneto100`
Executing (default): DROP TABLE IF EXISTS `back_diary_check`;
Executing (default): CREATE TABLE IF NOT EXISTS `back_diary_check` (`diary_id` INTEGER UNSIGNED NOT NULL, `check_diary` INTEGER UNSIGNED NOT NULL auto_increment , `diary_checked` VARCHAR(2) NOT NULL, `diary_name` VARCHAR(10), `diary_phone` VARCHAR(20), PRIMARY KEY (`check_diary`), FOREIGN KEY (`diary_id`) REFERENCES `back_diary` (`diary_id`)) ENGINE=InnoDB;
Executing (default): SHOW INDEX FROM `back_diary_check` FROM `oneto100`
Executing (default): DROP TABLE IF EXISTS `back_diary_like`;
Executing (default): CREATE TABLE IF NOT EXISTS `back_diary_like` (`dlike_id` INTEGER UNSIGNED NOT NULL auto_increment , `diary_id` INTEGER UNSIGNED NOT NULL, `dlike_name` VARCHAR(20), `dlike_ip` VARCHAR(20) NOT NULL, `dlike_date` DATETIME, `dlike_browser` VARCHAR(20) NOT NULL, `dlike_use` VARCHAR(2) NOT NULL, PRIMARY KEY (`dlike_id`), FOREIGN KEY (`diary_id`) REFERENCES `back_diary` (`diary_id`)) ENGINE=InnoDB;
Executing (default): SHOW INDEX FROM `back_diary_like` FROM `oneto100`
Executing (default): DROP TABLE IF EXISTS `back_item_vote`;
Executing (default): CREATE TABLE IF NOT EXISTS `back_item_vote` (`bvote_id` INTEGER UNSIGNED NOT NULL auto_increment , `item_id` VARCHAR(20) NOT NULL, `bvote_name` VARCHAR(20), `bvote_ip` VARCHAR(20) NOT NULL, `bvote_date` DATETIME NOT NULL, `bvote_browser` VARCHAR(20) NOT NULL, PRIMARY KEY (`bvote_id`), FOREIGN KEY (`item_id`) REFERENCES `back_item` (`item_id`)) ENGINE=InnoDB;
Executing (default): SHOW INDEX FROM `back_item_vote` FROM `oneto100`
DB connected successful
[0mGET /test [32m200 [0m6.910 ms - 19[0m
[0mGET /favicon.ico [36m304 [0m1.972 ms - -[0m
[0mGET /write [33m404 [0m298.621 ms - 1233[0m
[0mGET /stylesheets/style.css [33m404 [0m10.978 ms - 1233[0m
[0mGET /test [36m304 [0m0.736 ms - -[0m
[0mGET / [32m200 [0m2.757 ms - 1516[0m
[0mGET /static/css/main.694805b6.css [32m200 [0m1.594 ms - 11458[0m
[0mGET /static/js/main.26503307.js [32m200 [0m1.393 ms - 318719[0m
[0mGET /static/media/sidebarlogo.828f608a3aec33e4f8cf.png [32m200 [0m0.798 ms - 51852[0m
[0mGET /static/media/minidino1.eb4969b41eddb752d758.png [32m200 [0m0.401 ms - 67383[0m
[0mGET /static/media/minidino3.081c487499a85b8db978.png [32m200 [0m0.839 ms - 72228[0m
[0mGET /static/media/minidino5.d6c5fe22e7ff35e6f32a.png [32m200 [0m2.205 ms - 81799[0m
[0mGET /static/media/minidino4.76156d52d40c1ce11e9a.png [32m200 [0m2.335 ms - 77195[0m
[0mGET /static/media/minidino2.50c6fc9e52c57ca42720.png [32m200 [0m2.026 ms - 65537[0m
[0mGET /static/media/minidino6.449c32185eed17048f4f.png [32m200 [0m1.422 ms - 63734[0m
[0mGET /static/media/background.16ec51fbbd00562abc95.png [32m200 [0m0.703 ms - 183213[0m
[0mGET /favicon.ico [32m200 [0m0.507 ms - 3870[0m
[0mGET /favicon.ico [36m304 [0m0.447 ms - -[0m
[0mGET / [36m304 [0m0.461 ms - -[0m
[0mGET /static/css/main.694805b6.css [36m304 [0m0.380 ms - -[0m
[0mGET /static/js/main.26503307.js [36m304 [0m0.272 ms - -[0m
[0mGET /static/media/sidebarlogo.828f608a3aec33e4f8cf.png [36m304 [0m0.702 ms - -[0m
[0mGET /static/media/minidino1.eb4969b41eddb752d758.png [36m304 [0m2.250 ms - -[0m
[0mGET /static/media/minidino5.d6c5fe22e7ff35e6f32a.png [36m304 [0m0.531 ms - -[0m
[0mGET /static/media/minidino3.081c487499a85b8db978.png [36m304 [0m1.544 ms - -[0m
[0mGET /static/media/minidino6.449c32185eed17048f4f.png [36m304 [0m0.787 ms - -[0m
[0mGET /static/media/minidino2.50c6fc9e52c57ca42720.png [36m304 [0m0.562 ms - -[0m
[0mGET /static/media/minidino4.76156d52d40c1ce11e9a.png [36m304 [0m1.343 ms - -[0m
[0mGET /static/media/background.16ec51fbbd00562abc95.png [36m304 [0m0.298 ms - -[0m
[0mGET /favicon.ico [36m304 [0m0.318 ms - -[0m
[0mGET / [36m304 [0m0.342 ms - -[0m
[0mGET /static/js/main.26503307.js [36m304 [0m0.346 ms - -[0m
[0mGET /static/css/main.694805b6.css [36m304 [0m0.246 ms - -[0m
[0mGET /static/media/minidino1.eb4969b41eddb752d758.png [36m304 [0m0.635 ms - -[0m
[0mGET /static/media/sidebarlogo.828f608a3aec33e4f8cf.png [36m304 [0m2.018 ms - -[0m
[0mGET /static/media/minidino6.449c32185eed17048f4f.png [36m304 [0m0.373 ms - -[0m
[0mGET /static/media/minidino2.50c6fc9e52c57ca42720.png [36m304 [0m0.628 ms - -[0m
[0mGET /static/media/minidino4.76156d52d40c1ce11e9a.png [36m304 [0m1.638 ms - -[0m
[0mGET /static/media/background.16ec51fbbd00562abc95.png [36m304 [0m1.774 ms - -[0m
[0mGET /static/media/minidino3.081c487499a85b8db978.png [36m304 [0m0.819 ms - -[0m
[0mGET /static/media/minidino5.d6c5fe22e7ff35e6f32a.png [36m304 [0m0.804 ms - -[0m
[0mGET /favicon.ico [36m304 [0m0.351 ms - -[0m
[0mGET / [32m200 [0m0.487 ms - 1516[0m
[0mGET /static/css/main.694805b6.css [32m200 [0m0.468 ms - 11458[0m
[0mGET /static/js/main.26503307.js [32m200 [0m0.546 ms - 318719[0m
[0mGET /static/media/sidebarlogo.828f608a3aec33e4f8cf.png [32m200 [0m1.059 ms - 51852[0m
[0mGET /static/media/minidino1.eb4969b41eddb752d758.png [32m200 [0m0.838 ms - 67383[0m
[0mGET /static/media/minidino3.081c487499a85b8db978.png [32m200 [0m1.661 ms - 72228[0m
[0mGET /static/media/minidino5.d6c5fe22e7ff35e6f32a.png [32m200 [0m1.653 ms - 81799[0m
[0mGET /static/media/minidino2.50c6fc9e52c57ca42720.png [32m200 [0m1.615 ms - 65537[0m
[0mGET /static/media/minidino4.76156d52d40c1ce11e9a.png [32m200 [0m1.559 ms - 77195[0m
[0mGET /static/media/background.16ec51fbbd00562abc95.png [32m200 [0m0.678 ms - 183213[0m
[0mGET /static/media/minidino6.449c32185eed17048f4f.png [32m200 [0m0.466 ms - 63734[0m
[0mGET /favicon.ico [32m200 [0m0.545 ms - 3870[0m
5000
Executing (default): DROP TABLE IF EXISTS `back_item_vote`;
Executing (default): DROP TABLE IF EXISTS `back_diary_like`;
Executing (default): DROP TABLE IF EXISTS `back_diary_check`;
Executing (default): DROP TABLE IF EXISTS `back_balance_count`;
Executing (default): DROP TABLE IF EXISTS `back_balance_like`;
Executing (default): DROP TABLE IF EXISTS `back_test`;
Executing (default): DROP TABLE IF EXISTS `back_balance`;
Executing (default): DROP TABLE IF EXISTS `back_item`;
Executing (default): DROP TABLE IF EXISTS `back_diary`;
Executing (default): DROP TABLE IF EXISTS `back_diary`;
Executing (default): CREATE TABLE IF NOT EXISTS `back_diary` (`diary_id` INTEGER UNSIGNED NOT NULL auto_increment , `diary_writter` VARCHAR(20) NOT NULL, `diary_content` VARCHAR(500) NOT NULL, `diary_like` INTEGER NOT NULL DEFAULT 0, `diary_date` DATETIME NOT NULL, `diary_ip` VARCHAR(20) NOT NULL, `diary_browser` VARCHAR(20) NOT NULL, PRIMARY KEY (`diary_id`)) ENGINE=InnoDB;
Executing (default): SHOW INDEX FROM `back_diary` FROM `oneto100`
Executing (default): DROP TABLE IF EXISTS `back_item`;
Executing (default): CREATE TABLE IF NOT EXISTS `back_item` (`item_id` VARCHAR(20) NOT NULL , `item_name` VARCHAR(50) NOT NULL, `item_desc` VARCHAR(200) NOT NULL, `item_img` VARCHAR(50) NOT NULL, `item_voted` INTEGER NOT NULL DEFAULT 0, PRIMARY KEY (`item_id`)) ENGINE=InnoDB;
Executing (default): SHOW INDEX FROM `back_item` FROM `oneto100`
Executing (default): DROP TABLE IF EXISTS `back_balance`;
Executing (default): CREATE TABLE IF NOT EXISTS `back_balance` (`balance_id` INTEGER UNSIGNED NOT NULL auto_increment , `balance_name` VARCHAR(20) NOT NULL, `balance_content` VARCHAR(200) NOT NULL, `balance_date` DATETIME NOT NULL, `balance_like` INTEGER NOT NULL DEFAULT 0, `balance_type` VARCHAR(2) NOT NULL, `balance_ip` VARCHAR(20) NOT NULL, `balance_browser` VARCHAR(20) NOT NULL, PRIMARY KEY (`balance_id`)) ENGINE=InnoDB;
Executing (default): SHOW INDEX FROM `back_balance` FROM `oneto100`
Executing (default): DROP TABLE IF EXISTS `back_test`;
Executing (default): CREATE TABLE IF NOT EXISTS `back_test` (`type_id` VARCHAR(20) NOT NULL , `type_name` VARCHAR(50) NOT NULL, `type_from` VARCHAR(50) NOT NULL, `type_desc` VARCHAR(500) NOT NULL, `type_program` VARCHAR(500) NOT NULL, `type_img` VARCHAR(5000) NOT NULL, `type_program_img` VARCHAR(5000) NOT NULL, `type_like` VARCHAR(20) NOT NULL, `type_like_sub` VARCHAR(100) NOT NULL, `type_dislike` VARCHAR(20) NOT NULL, `type_dislike_sub` VARCHAR(100) NOT NULL, `type_attend` INTEGER NOT NULL DEFAULT 0, PRIMARY KEY (`type_id`)) ENGINE=InnoDB;
Executing (default): SHOW INDEX FROM `back_test` FROM `oneto100`
Executing (default): DROP TABLE IF EXISTS `back_balance_like`;
Executing (default): CREATE TABLE IF NOT EXISTS `back_balance_like` (`blike_id` INTEGER UNSIGNED NOT NULL auto_increment , `balance_id` INTEGER UNSIGNED NOT NULL, `blike_name` VARCHAR(20), `blike_ip` VARCHAR(20) NOT NULL, `blike_date` DATETIME NOT NULL, `blike_browser` VARCHAR(20) NOT NULL, `blike_use` VARCHAR(2) NOT NULL, PRIMARY KEY (`blike_id`), FOREIGN KEY (`balance_id`) REFERENCES `back_balance` (`balance_id`)) ENGINE=InnoDB;
Executing (default): SHOW INDEX FROM `back_balance_like` FROM `oneto100`
Executing (default): DROP TABLE IF EXISTS `back_balance_count`;
Executing (default): CREATE TABLE IF NOT EXISTS `back_balance_count` (`balance_type` VARCHAR(2) NOT NULL , `balance_selected` INTEGER UNSIGNED NOT NULL DEFAULT 0, PRIMARY KEY (`balance_type`)) ENGINE=InnoDB;
Executing (default): SHOW INDEX FROM `back_balance_count` FROM `oneto100`
Executing (default): DROP TABLE IF EXISTS `back_diary_check`;
Executing (default): CREATE TABLE IF NOT EXISTS `back_diary_check` (`diary_id` INTEGER UNSIGNED NOT NULL, `check_diary` INTEGER UNSIGNED NOT NULL auto_increment , `diary_checked` VARCHAR(2) NOT NULL, `diary_name` VARCHAR(10), `diary_phone` VARCHAR(20), PRIMARY KEY (`check_diary`), FOREIGN KEY (`diary_id`) REFERENCES `back_diary` (`diary_id`)) ENGINE=InnoDB;
Executing (default): SHOW INDEX FROM `back_diary_check` FROM `oneto100`
Executing (default): DROP TABLE IF EXISTS `back_diary_like`;
Executing (default): CREATE TABLE IF NOT EXISTS `back_diary_like` (`dlike_id` INTEGER UNSIGNED NOT NULL auto_increment , `diary_id` INTEGER UNSIGNED NOT NULL, `dlike_name` VARCHAR(20), `dlike_ip` VARCHAR(20) NOT NULL, `dlike_date` DATETIME, `dlike_browser` VARCHAR(20) NOT NULL, `dlike_use` VARCHAR(2) NOT NULL, PRIMARY KEY (`dlike_id`), FOREIGN KEY (`diary_id`) REFERENCES `back_diary` (`diary_id`)) ENGINE=InnoDB;
Executing (default): SHOW INDEX FROM `back_diary_like` FROM `oneto100`
Executing (default): DROP TABLE IF EXISTS `back_item_vote`;
Executing (default): CREATE TABLE IF NOT EXISTS `back_item_vote` (`bvote_id` INTEGER UNSIGNED NOT NULL auto_increment , `item_id` VARCHAR(20) NOT NULL, `bvote_name` VARCHAR(20), `bvote_ip` VARCHAR(20) NOT NULL, `bvote_date` DATETIME NOT NULL, `bvote_browser` VARCHAR(20) NOT NULL, PRIMARY KEY (`bvote_id`), FOREIGN KEY (`item_id`) REFERENCES `back_item` (`item_id`)) ENGINE=InnoDB;
Executing (default): SHOW INDEX FROM `back_item_vote` FROM `oneto100`
DB connected successful
[0mGET / [36m304 [0m5.418 ms - -[0m
[0mGET /static/js/main.26503307.js [36m304 [0m0.949 ms - -[0m
[0mGET /static/css/main.694805b6.css [36m304 [0m0.313 ms - -[0m
[0mGET /static/media/sidebarlogo.828f608a3aec33e4f8cf.png [36m304 [0m0.434 ms - -[0m
[0mGET /static/media/minidino1.eb4969b41eddb752d758.png [36m304 [0m0.249 ms - -[0m
[0mGET /static/media/minidino3.081c487499a85b8db978.png [36m304 [0m0.271 ms - -[0m
[0mGET /static/media/minidino2.50c6fc9e52c57ca42720.png [36m304 [0m0.238 ms - -[0m
[0mGET /static/media/minidino5.d6c5fe22e7ff35e6f32a.png [36m304 [0m0.502 ms - -[0m
[0mGET /static/media/minidino4.76156d52d40c1ce11e9a.png [36m304 [0m1.344 ms - -[0m
[0mGET /static/media/minidino6.449c32185eed17048f4f.png [36m304 [0m0.242 ms - -[0m
[0mGET /favicon.ico [36m304 [0m0.322 ms - -[0m
[0mGET /static/media/background.16ec51fbbd00562abc95.png [36m304 [0m0.262 ms - -[0m
[0mGET /favicon.ico [36m304 [0m0.386 ms - -[0m
[0mGET / [36m304 [0m0.356 ms - -[0m
[0mGET /static/js/main.26503307.js [36m304 [0m0.700 ms - -[0m
[0mGET /static/css/main.694805b6.css [36m304 [0m1.954 ms - -[0m
[0mGET /static/media/sidebarlogo.828f608a3aec33e4f8cf.png [36m304 [0m0.358 ms - -[0m
[0mGET /static/media/minidino1.eb4969b41eddb752d758.png [36m304 [0m0.296 ms - -[0m
[0mGET /static/media/minidino3.081c487499a85b8db978.png [36m304 [0m0.253 ms - -[0m
[0mGET /static/media/minidino4.76156d52d40c1ce11e9a.png [36m304 [0m0.559 ms - -[0m
[0mGET /static/media/minidino2.50c6fc9e52c57ca42720.png [36m304 [0m1.446 ms - -[0m
[0mGET /static/media/minidino5.d6c5fe22e7ff35e6f32a.png [36m304 [0m0.826 ms - -[0m
[0mGET /static/media/minidino6.449c32185eed17048f4f.png [36m304 [0m1.591 ms - -[0m
[0mGET /static/media/background.16ec51fbbd00562abc95.png [36m304 [0m1.581 ms - -[0m
[0mGET /favicon.ico [36m304 [0m0.225 ms - -[0m
[0mGET /favicon.ico [36m304 [0m0.367 ms - -[0m
[0mGET / [36m304 [0m0.349 ms - -[0m
[0mGET /static/css/main.694805b6.css [36m304 [0m0.354 ms - -[0m
[0mGET /static/js/main.26503307.js [36m304 [0m0.229 ms - -[0m
[0mGET /static/media/sidebarlogo.828f608a3aec33e4f8cf.png [36m304 [0m0.351 ms - -[0m
[0mGET /static/media/minidino1.eb4969b41eddb752d758.png [36m304 [0m0.285 ms - -[0m
[0mGET /static/media/minidino3.081c487499a85b8db978.png [36m304 [0m0.493 ms - -[0m
[0mGET /static/media/minidino4.76156d52d40c1ce11e9a.png [36m304 [0m0.487 ms - -[0m
[0mGET /static/media/minidino5.d6c5fe22e7ff35e6f32a.png [36m304 [0m0.603 ms - -[0m
[0mGET /static/media/minidino2.50c6fc9e52c57ca42720.png [36m304 [0m0.599 ms - -[0m
[0mGET /static/media/background.16ec51fbbd00562abc95.png [36m304 [0m0.328 ms - -[0m
[0mGET /static/media/minidino6.449c32185eed17048f4f.png [36m304 [0m0.257 ms - -[0m
[0mGET /favicon.ico [36m304 [0m0.271 ms - -[0m
[0mGET /favicon.ico [36m304 [0m0.343 ms - -[0m
[0mGET /test [32m200 [0m3.564 ms - 19[0m
[0mGET / [36m304 [0m0.335 ms - -[0m
[0mGET /static/css/main.694805b6.css [36m304 [0m0.391 ms - -[0m
[0mGET /static/js/main.26503307.js [36m304 [0m0.253 ms - -[0m
[0mGET /static/media/sidebarlogo.828f608a3aec33e4f8cf.png [36m304 [0m0.329 ms - -[0m
[0mGET /static/media/minidino1.eb4969b41eddb752d758.png [36m304 [0m0.348 ms - -[0m
[0mGET /static/media/minidino3.081c487499a85b8db978.png [36m304 [0m0.249 ms - -[0m
[0mGET /static/media/minidino5.d6c5fe22e7ff35e6f32a.png [36m304 [0m0.570 ms - -[0m
[0mGET /static/media/minidino2.50c6fc9e52c57ca42720.png [36m304 [0m0.582 ms - -[0m
[0mGET /static/media/minidino4.76156d52d40c1ce11e9a.png [36m304 [0m0.233 ms - -[0m
[0mGET /static/media/background.16ec51fbbd00562abc95.png [36m304 [0m0.588 ms - -[0m
[0mGET /static/media/minidino6.449c32185eed17048f4f.png [36m304 [0m0.569 ms - -[0m
[0mGET /favicon.ico [36m304 [0m0.308 ms - -[0m
[0mGET / [32m200 [0m2.277 ms - 1516[0m
[0mGET /static/css/main.694805b6.css [36m304 [0m0.338 ms - -[0m
[0mGET /static/js/main.26503307.js [36m304 [0m0.242 ms - -[0m
[0mGET /static/media/sidebarlogo.828f608a3aec33e4f8cf.png [36m304 [0m0.315 ms - -[0m
[0mGET /static/media/minidino1.eb4969b41eddb752d758.png [36m304 [0m0.268 ms - -[0m
[0mGET /static/media/minidino2.50c6fc9e52c57ca42720.png [36m304 [0m0.917 ms - -[0m
[0mGET /static/media/minidino6.449c32185eed17048f4f.png [36m304 [0m1.769 ms - -[0m
[0mGET /static/media/minidino5.d6c5fe22e7ff35e6f32a.png [36m304 [0m2.947 ms - -[0m
[0mGET /static/media/minidino3.081c487499a85b8db978.png [36m304 [0m1.472 ms - -[0m
[0mGET /static/media/minidino4.76156d52d40c1ce11e9a.png [36m304 [0m0.300 ms - -[0m
[0mGET /static/media/background.16ec51fbbd00562abc95.png [36m304 [0m0.278 ms - -[0m

> backend@0.0.0 start /home/ubuntu/oneto100/hardcarry2_team3/backend
> node ./bin/www

5000
Executing (default): DROP TABLE IF EXISTS `back_item_vote`;
Executing (default): DROP TABLE IF EXISTS `back_diary_like`;
Executing (default): DROP TABLE IF EXISTS `back_diary_check`;
Executing (default): DROP TABLE IF EXISTS `back_balance_count`;
Executing (default): DROP TABLE IF EXISTS `back_balance_like`;
Executing (default): DROP TABLE IF EXISTS `back_test`;
Executing (default): DROP TABLE IF EXISTS `back_balance`;
Executing (default): DROP TABLE IF EXISTS `back_item`;
Executing (default): DROP TABLE IF EXISTS `back_diary`;
Executing (default): DROP TABLE IF EXISTS `back_diary`;
Executing (default): CREATE TABLE IF NOT EXISTS `back_diary` (`diary_id` INTEGER UNSIGNED NOT NULL auto_increment , `diary_writter` VARCHAR(20) NOT NULL, `diary_content` VARCHAR(500) NOT NULL, `diary_like` INTEGER NOT NULL DEFAULT 0, `diary_date` DATETIME NOT NULL, `diary_ip` VARCHAR(20) NOT NULL, `diary_browser` VARCHAR(20) NOT NULL, PRIMARY KEY (`diary_id`)) ENGINE=InnoDB;
Executing (default): SHOW INDEX FROM `back_diary` FROM `oneto100`
Executing (default): DROP TABLE IF EXISTS `back_item`;
Executing (default): CREATE TABLE IF NOT EXISTS `back_item` (`item_id` VARCHAR(20) NOT NULL , `item_name` VARCHAR(50) NOT NULL, `item_desc` VARCHAR(200) NOT NULL, `item_img` VARCHAR(50) NOT NULL, `item_voted` INTEGER NOT NULL DEFAULT 0, PRIMARY KEY (`item_id`)) ENGINE=InnoDB;
Executing (default): SHOW INDEX FROM `back_item` FROM `oneto100`
Executing (default): DROP TABLE IF EXISTS `back_balance`;
Executing (default): CREATE TABLE IF NOT EXISTS `back_balance` (`balance_id` INTEGER UNSIGNED NOT NULL auto_increment , `balance_name` VARCHAR(20) NOT NULL, `balance_content` VARCHAR(200) NOT NULL, `balance_date` DATETIME NOT NULL, `balance_like` INTEGER NOT NULL DEFAULT 0, `balance_type` VARCHAR(2) NOT NULL, `balance_ip` VARCHAR(20) NOT NULL, `balance_browser` VARCHAR(20) NOT NULL, PRIMARY KEY (`balance_id`)) ENGINE=InnoDB;
Executing (default): SHOW INDEX FROM `back_balance` FROM `oneto100`
Executing (default): DROP TABLE IF EXISTS `back_test`;
Executing (default): CREATE TABLE IF NOT EXISTS `back_test` (`type_id` VARCHAR(20) NOT NULL , `type_name` VARCHAR(50) NOT NULL, `type_from` VARCHAR(50) NOT NULL, `type_desc` VARCHAR(500) NOT NULL, `type_program` VARCHAR(500) NOT NULL, `type_img` VARCHAR(5000) NOT NULL, `type_program_img` VARCHAR(5000) NOT NULL, `type_like` VARCHAR(20) NOT NULL, `type_like_sub` VARCHAR(100) NOT NULL, `type_dislike` VARCHAR(20) NOT NULL, `type_dislike_sub` VARCHAR(100) NOT NULL, `type_attend` INTEGER NOT NULL DEFAULT 0, PRIMARY KEY (`type_id`)) ENGINE=InnoDB;
Executing (default): SHOW INDEX FROM `back_test` FROM `oneto100`
Executing (default): DROP TABLE IF EXISTS `back_balance_like`;
Executing (default): CREATE TABLE IF NOT EXISTS `back_balance_like` (`blike_id` INTEGER UNSIGNED NOT NULL auto_increment , `balance_id` INTEGER UNSIGNED NOT NULL, `blike_name` VARCHAR(20), `blike_ip` VARCHAR(20) NOT NULL, `blike_date` DATETIME NOT NULL, `blike_browser` VARCHAR(20) NOT NULL, `blike_use` VARCHAR(2) NOT NULL, PRIMARY KEY (`blike_id`), FOREIGN KEY (`balance_id`) REFERENCES `back_balance` (`balance_id`)) ENGINE=InnoDB;
Executing (default): SHOW INDEX FROM `back_balance_like` FROM `oneto100`
Executing (default): DROP TABLE IF EXISTS `back_balance_count`;
Executing (default): CREATE TABLE IF NOT EXISTS `back_balance_count` (`balance_type` VARCHAR(2) NOT NULL , `balance_selected` INTEGER UNSIGNED NOT NULL DEFAULT 0, PRIMARY KEY (`balance_type`)) ENGINE=InnoDB;
Executing (default): SHOW INDEX FROM `back_balance_count` FROM `oneto100`
Executing (default): DROP TABLE IF EXISTS `back_diary_check`;
Executing (default): CREATE TABLE IF NOT EXISTS `back_diary_check` (`diary_id` INTEGER UNSIGNED NOT NULL, `check_diary` INTEGER UNSIGNED NOT NULL auto_increment , `diary_checked` VARCHAR(2) NOT NULL, `diary_name` VARCHAR(10), `diary_phone` VARCHAR(20), PRIMARY KEY (`check_diary`), FOREIGN KEY (`diary_id`) REFERENCES `back_diary` (`diary_id`)) ENGINE=InnoDB;
Executing (default): SHOW INDEX FROM `back_diary_check` FROM `oneto100`
Executing (default): DROP TABLE IF EXISTS `back_diary_like`;
Executing (default): CREATE TABLE IF NOT EXISTS `back_diary_like` (`dlike_id` INTEGER UNSIGNED NOT NULL auto_increment , `diary_id` INTEGER UNSIGNED NOT NULL, `dlike_name` VARCHAR(20), `dlike_ip` VARCHAR(20) NOT NULL, `dlike_date` DATETIME, `dlike_browser` VARCHAR(20) NOT NULL, `dlike_use` VARCHAR(2) NOT NULL, PRIMARY KEY (`dlike_id`), FOREIGN KEY (`diary_id`) REFERENCES `back_diary` (`diary_id`)) ENGINE=InnoDB;
Executing (default): SHOW INDEX FROM `back_diary_like` FROM `oneto100`
Executing (default): DROP TABLE IF EXISTS `back_item_vote`;
Executing (default): CREATE TABLE IF NOT EXISTS `back_item_vote` (`bvote_id` INTEGER UNSIGNED NOT NULL auto_increment , `item_id` VARCHAR(20) NOT NULL, `bvote_name` VARCHAR(20), `bvote_ip` VARCHAR(20) NOT NULL, `bvote_date` DATETIME NOT NULL, `bvote_browser` VARCHAR(20) NOT NULL, PRIMARY KEY (`bvote_id`), FOREIGN KEY (`item_id`) REFERENCES `back_item` (`item_id`)) ENGINE=InnoDB;
Executing (default): SHOW INDEX FROM `back_item_vote` FROM `oneto100`
DB connected successful
[0mGET / [32m200 [0m6.209 ms - 1516[0m
[0mGET /static/js/main.26503307.js [32m200 [0m1.111 ms - 318719[0m
[0mGET /static/css/main.694805b6.css [32m200 [0m3.117 ms - 11458[0m
[0mGET /static/media/sidebarlogo.828f608a3aec33e4f8cf.png [32m200 [0m0.924 ms - 51852[0m
[0mGET /static/media/minidino1.eb4969b41eddb752d758.png [32m200 [0m2.581 ms - 67383[0m
[0mGET /static/media/minidino2.50c6fc9e52c57ca42720.png [32m200 [0m0.400 ms - 65537[0m
[0mGET /static/media/minidino3.081c487499a85b8db978.png [32m200 [0m1.237 ms - 72228[0m
[0mGET /static/media/minidino5.d6c5fe22e7ff35e6f32a.png [32m200 [0m1.424 ms - 81799[0m
[0mGET /static/media/minidino4.76156d52d40c1ce11e9a.png [32m200 [0m1.324 ms - 77195[0m
[0mGET /static/media/minidino6.449c32185eed17048f4f.png [32m200 [0m0.582 ms - 63734[0m
[0mGET /static/media/background.16ec51fbbd00562abc95.png [32m200 [0m0.672 ms - 183213[0m
[0mGET /favicon.ico [32m200 [0m0.479 ms - 3870[0m
[0mGET / [32m200 [0m0.542 ms - 1516[0m
[0mGET /static/css/main.694805b6.css [32m200 [0m0.500 ms - 11458[0m
[0mGET /static/js/main.26503307.js [32m200 [0m0.457 ms - 318719[0m
[0mGET /static/media/sidebarlogo.828f608a3aec33e4f8cf.png [32m200 [0m0.513 ms - 51852[0m
[0mGET /static/media/minidino1.eb4969b41eddb752d758.png [32m200 [0m0.391 ms - 67383[0m
[0mGET /static/media/minidino3.081c487499a85b8db978.png [32m200 [0m0.504 ms - 72228[0m
[0mGET /static/media/minidino5.d6c5fe22e7ff35e6f32a.png [32m200 [0m0.417 ms - 81799[0m
[0mGET /static/media/minidino2.50c6fc9e52c57ca42720.png [32m200 [0m0.500 ms - 65537[0m
[0mGET /static/media/minidino6.449c32185eed17048f4f.png [32m200 [0m0.929 ms - 63734[0m
[0mGET /static/media/minidino4.76156d52d40c1ce11e9a.png [32m200 [0m1.050 ms - 77195[0m
[0mGET /static/media/background.16ec51fbbd00562abc95.png [32m200 [0m0.571 ms - 183213[0m
[0mGET /favicon.ico [32m200 [0m0.459 ms - 3870[0m
5000
Executing (default): DROP TABLE IF EXISTS `back_item_vote`;
Executing (default): DROP TABLE IF EXISTS `back_diary_like`;
Executing (default): DROP TABLE IF EXISTS `back_diary_check`;
Executing (default): DROP TABLE IF EXISTS `back_balance_count`;
Executing (default): DROP TABLE IF EXISTS `back_balance_like`;
Executing (default): DROP TABLE IF EXISTS `back_test`;
Executing (default): DROP TABLE IF EXISTS `back_balance`;
Executing (default): DROP TABLE IF EXISTS `back_item`;
Executing (default): DROP TABLE IF EXISTS `back_diary`;
Executing (default): DROP TABLE IF EXISTS `back_diary`;
Executing (default): CREATE TABLE IF NOT EXISTS `back_diary` (`diary_id` INTEGER UNSIGNED NOT NULL auto_increment , `diary_writter` VARCHAR(20) NOT NULL, `diary_content` VARCHAR(500) NOT NULL, `diary_like` INTEGER NOT NULL DEFAULT 0, `diary_date` DATETIME NOT NULL, `diary_ip` VARCHAR(20) NOT NULL, `diary_browser` VARCHAR(20) NOT NULL, PRIMARY KEY (`diary_id`)) ENGINE=InnoDB;
Executing (default): SHOW INDEX FROM `back_diary` FROM `oneto100`
Executing (default): DROP TABLE IF EXISTS `back_item`;
Executing (default): CREATE TABLE IF NOT EXISTS `back_item` (`item_id` VARCHAR(20) NOT NULL , `item_name` VARCHAR(50) NOT NULL, `item_desc` VARCHAR(200) NOT NULL, `item_img` VARCHAR(50) NOT NULL, `item_voted` INTEGER NOT NULL DEFAULT 0, PRIMARY KEY (`item_id`)) ENGINE=InnoDB;
Executing (default): SHOW INDEX FROM `back_item` FROM `oneto100`
Executing (default): DROP TABLE IF EXISTS `back_balance`;
Executing (default): CREATE TABLE IF NOT EXISTS `back_balance` (`balance_id` INTEGER UNSIGNED NOT NULL auto_increment , `balance_name` VARCHAR(20) NOT NULL, `balance_content` VARCHAR(200) NOT NULL, `balance_date` DATETIME NOT NULL, `balance_like` INTEGER NOT NULL DEFAULT 0, `balance_type` VARCHAR(2) NOT NULL, `balance_ip` VARCHAR(20) NOT NULL, `balance_browser` VARCHAR(20) NOT NULL, PRIMARY KEY (`balance_id`)) ENGINE=InnoDB;
Executing (default): SHOW INDEX FROM `back_balance` FROM `oneto100`
Executing (default): DROP TABLE IF EXISTS `back_test`;
Executing (default): CREATE TABLE IF NOT EXISTS `back_test` (`type_id` VARCHAR(20) NOT NULL , `type_name` VARCHAR(50) NOT NULL, `type_from` VARCHAR(50) NOT NULL, `type_desc` VARCHAR(500) NOT NULL, `type_program` VARCHAR(500) NOT NULL, `type_img` VARCHAR(5000) NOT NULL, `type_program_img` VARCHAR(5000) NOT NULL, `type_like` VARCHAR(20) NOT NULL, `type_like_sub` VARCHAR(100) NOT NULL, `type_dislike` VARCHAR(20) NOT NULL, `type_dislike_sub` VARCHAR(100) NOT NULL, `type_attend` INTEGER NOT NULL DEFAULT 0, PRIMARY KEY (`type_id`)) ENGINE=InnoDB;
Executing (default): SHOW INDEX FROM `back_test` FROM `oneto100`
Executing (default): DROP TABLE IF EXISTS `back_balance_like`;
Executing (default): CREATE TABLE IF NOT EXISTS `back_balance_like` (`blike_id` INTEGER UNSIGNED NOT NULL auto_increment , `balance_id` INTEGER UNSIGNED NOT NULL, `blike_name` VARCHAR(20), `blike_ip` VARCHAR(20) NOT NULL, `blike_date` DATETIME NOT NULL, `blike_browser` VARCHAR(20) NOT NULL, `blike_use` VARCHAR(2) NOT NULL, PRIMARY KEY (`blike_id`), FOREIGN KEY (`balance_id`) REFERENCES `back_balance` (`balance_id`)) ENGINE=InnoDB;
Executing (default): SHOW INDEX FROM `back_balance_like` FROM `oneto100`
